<!DOCTYPE html PUBLIC "-//W3C//DTD XHTML 1.1//EN" "https://www.w3.org/TR/xhtml11/DTD/xhtml11.dtd">
<html xmlns="https://www.w3.org/1999/xhtml">
<head>
<meta http-equiv="content-type" content="text/html; charset=UTF-8"/>
<title>TestNG Report</title>
<style type="text/css">table {margin-bottom:10px;border-collapse:collapse;empty-cells:show}th,td {border:1px solid #009;padding:.25em .5em}th {vertical-align:bottom}td {vertical-align:top}table a {font-weight:bold}.stripe td {background-color: #E6EBF9}.num {text-align:right}.passedodd td {background-color: #3F3}.passedeven td {background-color: #0A0}.skippedodd td {background-color: #DDD}.skippedeven td {background-color: #CCC}.failedodd td,.attn {background-color: #F33}.failedeven td,.stripe .attn {background-color: #D00}.stacktrace {white-space:pre;font-family:monospace}.totop {font-size:85%;text-align:center;border-bottom:2px solid #000}.invisible {display:none}</style>
</head>
<body>
<table>
<tr><th>Test</th><th># Passed</th><th># Skipped</th><th># Retried</th><th># Failed</th><th>Time (ms)</th><th>Included Groups</th><th>Excluded Groups</th></tr>
<tr><th colspan="8">Regression Suite</th></tr>
<tr><td><a href="#t0">ChromeBrowser</a></td><td class="num">2</td><td class="num">0</td><td class="num">0</td><td class="num">0</td><td class="num">37,771</td><td></td><td></td></tr>
<tr class="stripe"><td><a href="#t1">FirefoxBrowser</a></td><td class="num">0</td><td class="num attn">2</td><td class="num">0</td><td class="num">0</td><td class="num">55</td><td></td><td></td></tr>
<tr><th>Total</th><th class="num">2</th><th class="num attn">2</th><th class="num">0</th><th class="num">0</th><th class="num">37,826</th><th colspan="2"></th></tr>
</table>
<table id='summary'><thead><tr><th>Class</th><th>Method</th><th>Start</th><th>Time (ms)</th></tr></thead><tbody><tr><th colspan="4">Regression Suite</th></tr></tbody><tbody id="t0"><tr><th colspan="4">ChromeBrowser &#8212; passed</th></tr><tr class="passedeven"><td rowspan="2">Verification.VerifyTheActiTime</td><td><a href="#m0">VerifyTheReports</a></td><td rowspan="1">1704171454871</td><td rowspan="1">6795</td></tr><tr class="passedeven"><td><a href="#m1">VerifyTheTask</a></td><td rowspan="1">1704171441686</td><td rowspan="1">11341</td></tr></tbody>
<tbody id="t1"><tr><th colspan="4">FirefoxBrowser &#8212; failed (configuration methods)</th></tr><tr class="failedeven"><td rowspan="1">Verification.VerifyTheActiTime</td><td><a href="#m2">LaunchBrowser</a></td><td rowspan="1">1704171462973</td><td rowspan="1">16</td></tr><tr><th colspan="4">FirefoxBrowser &#8212; skipped (configuration methods)</th></tr><tr class="skippedeven"><td rowspan="7">Verification.VerifyTheActiTime</td><td><a href="#m3">ClearPomObject</a></td><td rowspan="1">1704171463021</td><td rowspan="1">0</td></tr><tr class="skippedeven"><td><a href="#m4">ClickOnLogout</a></td><td rowspan="2">1704171463021</td><td rowspan="2">0</td></tr><tr class="skippedeven"><td><a href="#m5">ClickOnLogout</a></td></tr><tr class="skippedeven"><td><a href="#m6">CloseTheBrowser</a></td><td rowspan="1">1704171463026</td><td rowspan="1">0</td></tr><tr class="skippedeven"><td><a href="#m7">CreatePomObject</a></td><td rowspan="1">1704171462989</td><td rowspan="1">0</td></tr><tr class="skippedeven"><td><a href="#m8">LoginToApplication_1</a></td><td rowspan="2">1704171463009</td><td rowspan="2">0</td></tr><tr class="skippedeven"><td><a href="#m9">LoginToApplication_1</a></td></tr><tr><th colspan="4">FirefoxBrowser &#8212; skipped</th></tr><tr class="skippedeven"><td rowspan="2">Verification.VerifyTheActiTime</td><td><a href="#m10">VerifyTheReports</a></td><td rowspan="1">1704171463016</td><td rowspan="1">0</td></tr><tr class="skippedeven"><td><a href="#m11">VerifyTheTask</a></td><td rowspan="1">1704171463004</td><td rowspan="1">0</td></tr></tbody>
</table>
<h2>ChromeBrowser</h2><h3 id="m0">Verification.VerifyTheActiTime#VerifyTheReports</h3><table class="result"><tr><th class="invisible"/></tr></table><p class="totop"><a href="#summary">back to summary</a></p>
<h3 id="m1">Verification.VerifyTheActiTime#VerifyTheTask</h3><table class="result"><tr><th class="invisible"/></tr></table><p class="totop"><a href="#summary">back to summary</a></p>
<h2>FirefoxBrowser</h2><h3 id="m2">Verification.VerifyTheActiTime#LaunchBrowser</h3><table class="result"><tr class="param"><th>Parameter #1</th></tr><tr class="param stripe"><td>Firefox</td></tr><tr><th>Exception</th></tr><tr><td><div class="stacktrace">org.openqa.selenium.remote.NoSuchDriverException: geckodriver located at D:\Program files\geckodriver.exe, but invalid
For documentation on this error, please visit: https://www.selenium.dev/documentation/webdriver/troubleshooting/errors/driver_location/
Build info: version: &apos;4.15.0&apos;, revision: &apos;1d14b5521b&apos;
System info: os.name: &apos;Windows 11&apos;, os.arch: &apos;amd64&apos;, os.version: &apos;10.0&apos;, java.version: &apos;17.0.8.1&apos;
Driver info: driver.version: FirefoxDriver
	at org.openqa.selenium.remote.service.DriverFinder.getPath(DriverFinder.java:45)
	at org.openqa.selenium.remote.service.DriverFinder.getPath(DriverFinder.java:13)
	at org.openqa.selenium.firefox.FirefoxDriver.generateExecutor(FirefoxDriver.java:142)
	at org.openqa.selenium.firefox.FirefoxDriver.&lt;init&gt;(FirefoxDriver.java:133)
	at org.openqa.selenium.firefox.FirefoxDriver.&lt;init&gt;(FirefoxDriver.java:128)
	at org.openqa.selenium.firefox.FirefoxDriver.&lt;init&gt;(FirefoxDriver.java:113)
	at Browsers.Base.OpenFirefoxBrowser(Base.java:18)
	at Verification.VerifyTheActiTime.LaunchBrowser(VerifyTheActiTime.java:32)
... Removed 24 stack frames</div></td></tr></table><p class="totop"><a href="#summary">back to summary</a></p>
<h3 id="m3">Verification.VerifyTheActiTime#ClearPomObject</h3><table class="result"><tr><th class="invisible"/></tr></table><p class="totop"><a href="#summary">back to summary</a></p>
<h3 id="m4">Verification.VerifyTheActiTime#ClickOnLogout</h3><table class="result"><tr><th class="invisible"/></tr></table><p class="totop"><a href="#summary">back to summary</a></p>
<h3 id="m5">Verification.VerifyTheActiTime#ClickOnLogout</h3><table class="result"><tr><th class="invisible"/></tr></table><p class="totop"><a href="#summary">back to summary</a></p>
<h3 id="m6">Verification.VerifyTheActiTime#CloseTheBrowser</h3><table class="result"><tr><th class="invisible"/></tr></table><p class="totop"><a href="#summary">back to summary</a></p>
<h3 id="m7">Verification.VerifyTheActiTime#CreatePomObject</h3><table class="result"><tr><th class="invisible"/></tr></table><p class="totop"><a href="#summary">back to summary</a></p>
<h3 id="m8">Verification.VerifyTheActiTime#LoginToApplication_1</h3><table class="result"><tr><th class="invisible"/></tr></table><p class="totop"><a href="#summary">back to summary</a></p>
<h3 id="m9">Verification.VerifyTheActiTime#LoginToApplication_1</h3><table class="result"><tr><th class="invisible"/></tr></table><p class="totop"><a href="#summary">back to summary</a></p>
<h3 id="m10">Verification.VerifyTheActiTime#VerifyTheReports</h3><table class="result"><tr><th>Exception</th></tr><tr><td><div class="stacktrace">org.openqa.selenium.remote.NoSuchDriverException: geckodriver located at D:\Program files\geckodriver.exe, but invalid
For documentation on this error, please visit: https://www.selenium.dev/documentation/webdriver/troubleshooting/errors/driver_location/
Build info: version: &apos;4.15.0&apos;, revision: &apos;1d14b5521b&apos;
System info: os.name: &apos;Windows 11&apos;, os.arch: &apos;amd64&apos;, os.version: &apos;10.0&apos;, java.version: &apos;17.0.8.1&apos;
Driver info: driver.version: FirefoxDriver
	at org.openqa.selenium.remote.service.DriverFinder.getPath(DriverFinder.java:45)
	at org.openqa.selenium.remote.service.DriverFinder.getPath(DriverFinder.java:13)
	at org.openqa.selenium.firefox.FirefoxDriver.generateExecutor(FirefoxDriver.java:142)
	at org.openqa.selenium.firefox.FirefoxDriver.&lt;init&gt;(FirefoxDriver.java:133)
	at org.openqa.selenium.firefox.FirefoxDriver.&lt;init&gt;(FirefoxDriver.java:128)
	at org.openqa.selenium.firefox.FirefoxDriver.&lt;init&gt;(FirefoxDriver.java:113)
	at Browsers.Base.OpenFirefoxBrowser(Base.java:18)
	at Verification.VerifyTheActiTime.LaunchBrowser(VerifyTheActiTime.java:32)
... Removed 24 stack frames</div></td></tr></table><p class="totop"><a href="#summary">back to summary</a></p>
<h3 id="m11">Verification.VerifyTheActiTime#VerifyTheTask</h3><table class="result"><tr><th>Exception</th></tr><tr><td><div class="stacktrace">org.openqa.selenium.remote.NoSuchDriverException: geckodriver located at D:\Program files\geckodriver.exe, but invalid
For documentation on this error, please visit: https://www.selenium.dev/documentation/webdriver/troubleshooting/errors/driver_location/
Build info: version: &apos;4.15.0&apos;, revision: &apos;1d14b5521b&apos;
System info: os.name: &apos;Windows 11&apos;, os.arch: &apos;amd64&apos;, os.version: &apos;10.0&apos;, java.version: &apos;17.0.8.1&apos;
Driver info: driver.version: FirefoxDriver
	at org.openqa.selenium.remote.service.DriverFinder.getPath(DriverFinder.java:45)
	at org.openqa.selenium.remote.service.DriverFinder.getPath(DriverFinder.java:13)
	at org.openqa.selenium.firefox.FirefoxDriver.generateExecutor(FirefoxDriver.java:142)
	at org.openqa.selenium.firefox.FirefoxDriver.&lt;init&gt;(FirefoxDriver.java:133)
	at org.openqa.selenium.firefox.FirefoxDriver.&lt;init&gt;(FirefoxDriver.java:128)
	at org.openqa.selenium.firefox.FirefoxDriver.&lt;init&gt;(FirefoxDriver.java:113)
	at Browsers.Base.OpenFirefoxBrowser(Base.java:18)
	at Verification.VerifyTheActiTime.LaunchBrowser(VerifyTheActiTime.java:32)
... Removed 24 stack frames</div></td></tr></table><p class="totop"><a href="#summary">back to summary</a></p>
</body>
</html>
